<?xml version="1.0" encoding="UTF-8"?>
<testng-results skipped="0" failed="0" total="1" passed="1">
  <reporter-output>
  </reporter-output>
  <suite name="Default suite" duration-ms="43216" started-at="2019-10-23T12:27:11Z" finished-at="2019-10-23T12:27:54Z">
    <groups>
    </groups>
    <test name="Default test" duration-ms="43216" started-at="2019-10-23T12:27:11Z" finished-at="2019-10-23T12:27:54Z">
      <class name="Hashtag">
        <test-method status="PASS" signature="DisplayHashtag()[pri:0, instance:Hashtag@234bef66]" name="DisplayHashtag" duration-ms="42195" started-at="2019-10-23T17:57:12Z" finished-at="2019-10-23T17:57:54Z">
          <reporter-output>
          </reporter-output>
        </test-method> <!-- DisplayHashtag -->
      </class> <!-- Hashtag -->
    </test> <!-- Default test -->
  </suite> <!-- Default suite -->
</testng-results>
