<?xml version="1.0" encoding="UTF-8"?>
<testng-results skipped="0" failed="0" total="1" passed="1">
  <reporter-output>
  </reporter-output>
  <suite name="Default suite" duration-ms="143182" started-at="2019-10-12T08:25:43Z" finished-at="2019-10-12T08:28:07Z">
    <groups>
    </groups>
    <test name="Default test" duration-ms="143182" started-at="2019-10-12T08:25:43Z" finished-at="2019-10-12T08:28:07Z">
      <class name="TourSearch">
        <test-method status="PASS" signature="login1()[pri:0, instance:TourSearch@725bef66]" name="login1" duration-ms="142233" started-at="2019-10-12T13:55:44Z" finished-at="2019-10-12T13:58:06Z">
          <reporter-output>
          </reporter-output>
        </test-method> <!-- login1 -->
      </class> <!-- TourSearch -->
    </test> <!-- Default test -->
  </suite> <!-- Default suite -->
</testng-results>
