<?xml version="1.0" encoding="UTF-8"?>
<testng-results skipped="0" failed="0" total="1" passed="1">
  <reporter-output>
  </reporter-output>
  <suite name="Default suite" duration-ms="118570" started-at="2019-10-15T09:15:14Z" finished-at="2019-10-15T09:17:13Z">
    <groups>
    </groups>
    <test name="Default test" duration-ms="118570" started-at="2019-10-15T09:15:14Z" finished-at="2019-10-15T09:17:13Z">
      <class name="HotelSearch">
        <test-method status="PASS" signature="login1()[pri:0, instance:HotelSearch@725bef66]" name="login1" duration-ms="118543" started-at="2019-10-15T14:45:14Z" finished-at="2019-10-15T14:47:13Z">
          <reporter-output>
          </reporter-output>
        </test-method> <!-- login1 -->
      </class> <!-- HotelSearch -->
    </test> <!-- Default test -->
  </suite> <!-- Default suite -->
</testng-results>
